{"D:\\WebDevelopment\\Typescript\\Commitment\\AggregateError.ts": {"path":"D:\\WebDevelopment\\Typescript\\Commitment\\AggregateError.ts","all":false,"statementMap":{"0":{"start":{"line":1,"column":0},"end":{"line":1,"column":43}},"1":{"start":{"line":2,"column":0},"end":{"line":2,"column":17}},"2":{"start":{"line":3,"column":0},"end":{"line":3,"column":0}},"3":{"start":{"line":4,"column":0},"end":{"line":4,"column":46}},"4":{"start":{"line":5,"column":0},"end":{"line":5,"column":23}},"5":{"start":{"line":6,"column":0},"end":{"line":6,"column":29}},"6":{"start":{"line":7,"column":0},"end":{"line":7,"column":36}},"7":{"start":{"line":8,"column":0},"end":{"line":8,"column":5}},"8":{"start":{"line":9,"column":0},"end":{"line":9,"column":1}}},"s":{"0":1,"1":1,"2":1,"3":1,"4":1,"5":1,"6":1,"7":1,"8":1},"branchMap":{"0":{"type":"branch","line":4,"loc":{"start":{"line":4,"column":4},"end":{"line":8,"column":5}},"locations":[{"start":{"line":4,"column":4},"end":{"line":8,"column":5}}]}},"b":{"0":[1]},"fnMap":{"0":{"name":"AggregateError","decl":{"start":{"line":4,"column":4},"end":{"line":8,"column":5}},"loc":{"start":{"line":4,"column":4},"end":{"line":8,"column":5}},"line":4}},"f":{"0":1}}
,"D:\\WebDevelopment\\Typescript\\Commitment\\Commitment.ts": {"path":"D:\\WebDevelopment\\Typescript\\Commitment\\Commitment.ts","all":false,"statementMap":{"0":{"start":{"line":1,"column":0},"end":{"line":1,"column":73}},"1":{"start":{"line":2,"column":0},"end":{"line":2,"column":0}},"2":{"start":{"line":3,"column":0},"end":{"line":3,"column":37}},"3":{"start":{"line":4,"column":0},"end":{"line":4,"column":54}},"4":{"start":{"line":5,"column":0},"end":{"line":5,"column":18}},"5":{"start":{"line":6,"column":0},"end":{"line":6,"column":58}},"6":{"start":{"line":7,"column":0},"end":{"line":7,"column":59}},"7":{"start":{"line":8,"column":0},"end":{"line":8,"column":58}},"8":{"start":{"line":9,"column":0},"end":{"line":9,"column":0}},"9":{"start":{"line":10,"column":0},"end":{"line":10,"column":71}},"10":{"start":{"line":11,"column":0},"end":{"line":11,"column":40}},"11":{"start":{"line":12,"column":0},"end":{"line":12,"column":73}},"12":{"start":{"line":13,"column":0},"end":{"line":13,"column":74}},"13":{"start":{"line":14,"column":0},"end":{"line":14,"column":71}},"14":{"start":{"line":15,"column":0},"end":{"line":15,"column":0}},"15":{"start":{"line":16,"column":0},"end":{"line":16,"column":11}},"16":{"start":{"line":17,"column":0},"end":{"line":17,"column":92}},"17":{"start":{"line":18,"column":0},"end":{"line":18,"column":13}},"18":{"start":{"line":19,"column":0},"end":{"line":19,"column":77}},"19":{"start":{"line":20,"column":0},"end":{"line":20,"column":25}},"20":{"start":{"line":21,"column":0},"end":{"line":21,"column":42}},"21":{"start":{"line":22,"column":0},"end":{"line":22,"column":9}},"22":{"start":{"line":23,"column":0},"end":{"line":23,"column":5}},"23":{"start":{"line":24,"column":0},"end":{"line":24,"column":0}},"24":{"start":{"line":25,"column":0},"end":{"line":25,"column":11}},"25":{"start":{"line":26,"column":0},"end":{"line":26,"column":37}},"26":{"start":{"line":27,"column":0},"end":{"line":27,"column":49}},"27":{"start":{"line":28,"column":0},"end":{"line":28,"column":68}},"28":{"start":{"line":29,"column":0},"end":{"line":29,"column":40}},"29":{"start":{"line":30,"column":0},"end":{"line":30,"column":76}},"30":{"start":{"line":31,"column":0},"end":{"line":31,"column":9}},"31":{"start":{"line":32,"column":0},"end":{"line":32,"column":5}},"32":{"start":{"line":33,"column":0},"end":{"line":33,"column":0}},"33":{"start":{"line":34,"column":0},"end":{"line":34,"column":11}},"34":{"start":{"line":35,"column":0},"end":{"line":35,"column":38}},"35":{"start":{"line":36,"column":0},"end":{"line":36,"column":49}},"36":{"start":{"line":37,"column":0},"end":{"line":37,"column":66}},"37":{"start":{"line":38,"column":0},"end":{"line":38,"column":40}},"38":{"start":{"line":39,"column":0},"end":{"line":39,"column":75}},"39":{"start":{"line":40,"column":0},"end":{"line":40,"column":9}},"40":{"start":{"line":41,"column":0},"end":{"line":41,"column":5}},"41":{"start":{"line":42,"column":0},"end":{"line":42,"column":0}},"42":{"start":{"line":43,"column":0},"end":{"line":43,"column":13}},"43":{"start":{"line":44,"column":0},"end":{"line":44,"column":88}},"44":{"start":{"line":45,"column":0},"end":{"line":45,"column":26}},"45":{"start":{"line":46,"column":0},"end":{"line":46,"column":71}},"46":{"start":{"line":47,"column":0},"end":{"line":47,"column":87}},"47":{"start":{"line":48,"column":0},"end":{"line":48,"column":11}},"48":{"start":{"line":49,"column":0},"end":{"line":49,"column":5}},"49":{"start":{"line":50,"column":0},"end":{"line":50,"column":0}},"50":{"start":{"line":51,"column":0},"end":{"line":51,"column":14}},"51":{"start":{"line":52,"column":0},"end":{"line":52,"column":126}},"52":{"start":{"line":53,"column":0},"end":{"line":53,"column":61}},"53":{"start":{"line":54,"column":0},"end":{"line":54,"column":100}},"54":{"start":{"line":55,"column":0},"end":{"line":55,"column":21}},"55":{"start":{"line":56,"column":0},"end":{"line":56,"column":60}},"56":{"start":{"line":57,"column":0},"end":{"line":57,"column":33}},"57":{"start":{"line":58,"column":0},"end":{"line":58,"column":45}},"58":{"start":{"line":59,"column":0},"end":{"line":59,"column":17}},"59":{"start":{"line":60,"column":0},"end":{"line":60,"column":14}},"60":{"start":{"line":61,"column":0},"end":{"line":61,"column":0}},"61":{"start":{"line":62,"column":0},"end":{"line":62,"column":29}},"62":{"start":{"line":63,"column":0},"end":{"line":63,"column":53}},"63":{"start":{"line":64,"column":0},"end":{"line":64,"column":108}},"64":{"start":{"line":65,"column":0},"end":{"line":65,"column":105}},"65":{"start":{"line":66,"column":0},"end":{"line":66,"column":77}},"66":{"start":{"line":67,"column":0},"end":{"line":67,"column":75}},"67":{"start":{"line":68,"column":0},"end":{"line":68,"column":75}},"68":{"start":{"line":69,"column":0},"end":{"line":69,"column":74}},"69":{"start":{"line":70,"column":0},"end":{"line":70,"column":13}},"70":{"start":{"line":71,"column":0},"end":{"line":71,"column":11}},"71":{"start":{"line":72,"column":0},"end":{"line":72,"column":5}},"72":{"start":{"line":73,"column":0},"end":{"line":73,"column":0}},"73":{"start":{"line":74,"column":0},"end":{"line":74,"column":15}},"74":{"start":{"line":75,"column":0},"end":{"line":75,"column":77}},"75":{"start":{"line":76,"column":0},"end":{"line":76,"column":65}},"76":{"start":{"line":77,"column":0},"end":{"line":77,"column":5}},"77":{"start":{"line":78,"column":0},"end":{"line":78,"column":0}},"78":{"start":{"line":79,"column":0},"end":{"line":79,"column":17}},"79":{"start":{"line":80,"column":0},"end":{"line":80,"column":51}},"80":{"start":{"line":81,"column":0},"end":{"line":81,"column":53}},"81":{"start":{"line":82,"column":0},"end":{"line":82,"column":22}},"82":{"start":{"line":83,"column":0},"end":{"line":83,"column":77}},"83":{"start":{"line":84,"column":0},"end":{"line":84,"column":37}},"84":{"start":{"line":85,"column":0},"end":{"line":85,"column":14}},"85":{"start":{"line":86,"column":0},"end":{"line":86,"column":22}},"86":{"start":{"line":87,"column":0},"end":{"line":87,"column":77}},"87":{"start":{"line":88,"column":0},"end":{"line":88,"column":36}},"88":{"start":{"line":89,"column":0},"end":{"line":89,"column":13}},"89":{"start":{"line":90,"column":0},"end":{"line":90,"column":10}},"90":{"start":{"line":91,"column":0},"end":{"line":91,"column":64}},"91":{"start":{"line":92,"column":0},"end":{"line":92,"column":31}},"92":{"start":{"line":93,"column":0},"end":{"line":93,"column":5}},"93":{"start":{"line":94,"column":0},"end":{"line":94,"column":0}},"94":{"start":{"line":95,"column":0},"end":{"line":95,"column":16}},"95":{"start":{"line":96,"column":0},"end":{"line":96,"column":69}},"96":{"start":{"line":97,"column":0},"end":{"line":97,"column":57}},"97":{"start":{"line":98,"column":0},"end":{"line":98,"column":44}},"98":{"start":{"line":99,"column":0},"end":{"line":99,"column":52}},"99":{"start":{"line":100,"column":0},"end":{"line":100,"column":81}},"100":{"start":{"line":101,"column":0},"end":{"line":101,"column":0}},"101":{"start":{"line":102,"column":0},"end":{"line":102,"column":21}},"102":{"start":{"line":103,"column":0},"end":{"line":103,"column":80}},"103":{"start":{"line":104,"column":0},"end":{"line":104,"column":49}},"104":{"start":{"line":105,"column":0},"end":{"line":105,"column":30}},"105":{"start":{"line":106,"column":0},"end":{"line":106,"column":55}},"106":{"start":{"line":107,"column":0},"end":{"line":107,"column":100}},"107":{"start":{"line":108,"column":0},"end":{"line":108,"column":22}},"108":{"start":{"line":109,"column":0},"end":{"line":109,"column":34}},"109":{"start":{"line":110,"column":0},"end":{"line":110,"column":18}},"110":{"start":{"line":111,"column":0},"end":{"line":111,"column":15}},"111":{"start":{"line":112,"column":0},"end":{"line":112,"column":11}},"112":{"start":{"line":113,"column":0},"end":{"line":113,"column":5}},"113":{"start":{"line":114,"column":0},"end":{"line":114,"column":0}},"114":{"start":{"line":115,"column":0},"end":{"line":115,"column":23}},"115":{"start":{"line":116,"column":0},"end":{"line":116,"column":78}},"116":{"start":{"line":117,"column":0},"end":{"line":117,"column":23}},"117":{"start":{"line":118,"column":0},"end":{"line":118,"column":18}},"118":{"start":{"line":119,"column":0},"end":{"line":119,"column":20}},"119":{"start":{"line":120,"column":0},"end":{"line":120,"column":9}},"120":{"start":{"line":121,"column":0},"end":{"line":121,"column":96}},"121":{"start":{"line":122,"column":0},"end":{"line":122,"column":91}},"122":{"start":{"line":123,"column":0},"end":{"line":123,"column":52}},"123":{"start":{"line":124,"column":0},"end":{"line":124,"column":74}},"124":{"start":{"line":125,"column":0},"end":{"line":125,"column":0}},"125":{"start":{"line":126,"column":0},"end":{"line":126,"column":21}},"126":{"start":{"line":127,"column":0},"end":{"line":127,"column":80}},"127":{"start":{"line":128,"column":0},"end":{"line":128,"column":49}},"128":{"start":{"line":129,"column":0},"end":{"line":129,"column":30}},"129":{"start":{"line":130,"column":0},"end":{"line":130,"column":92}},"130":{"start":{"line":131,"column":0},"end":{"line":131,"column":100}},"131":{"start":{"line":132,"column":0},"end":{"line":132,"column":22}},"132":{"start":{"line":133,"column":0},"end":{"line":133,"column":30}},"133":{"start":{"line":134,"column":0},"end":{"line":134,"column":99}},"134":{"start":{"line":135,"column":0},"end":{"line":135,"column":100}},"135":{"start":{"line":136,"column":0},"end":{"line":136,"column":21}},"136":{"start":{"line":137,"column":0},"end":{"line":137,"column":18}},"137":{"start":{"line":138,"column":0},"end":{"line":138,"column":15}},"138":{"start":{"line":139,"column":0},"end":{"line":139,"column":11}},"139":{"start":{"line":140,"column":0},"end":{"line":140,"column":5}},"140":{"start":{"line":141,"column":0},"end":{"line":141,"column":0}},"141":{"start":{"line":142,"column":0},"end":{"line":142,"column":16}},"142":{"start":{"line":143,"column":0},"end":{"line":143,"column":67}},"143":{"start":{"line":144,"column":0},"end":{"line":144,"column":55}},"144":{"start":{"line":145,"column":0},"end":{"line":145,"column":45}},"145":{"start":{"line":146,"column":0},"end":{"line":146,"column":52}},"146":{"start":{"line":147,"column":0},"end":{"line":147,"column":0}},"147":{"start":{"line":148,"column":0},"end":{"line":148,"column":120}},"148":{"start":{"line":149,"column":0},"end":{"line":149,"column":0}},"149":{"start":{"line":150,"column":0},"end":{"line":150,"column":21}},"150":{"start":{"line":151,"column":0},"end":{"line":151,"column":41}},"151":{"start":{"line":152,"column":0},"end":{"line":152,"column":68}},"152":{"start":{"line":153,"column":0},"end":{"line":153,"column":47}},"153":{"start":{"line":154,"column":0},"end":{"line":154,"column":62}},"154":{"start":{"line":155,"column":0},"end":{"line":155,"column":121}},"155":{"start":{"line":156,"column":0},"end":{"line":156,"column":21}},"156":{"start":{"line":157,"column":0},"end":{"line":157,"column":19}},"157":{"start":{"line":158,"column":0},"end":{"line":158,"column":15}},"158":{"start":{"line":159,"column":0},"end":{"line":159,"column":11}},"159":{"start":{"line":160,"column":0},"end":{"line":160,"column":5}},"160":{"start":{"line":161,"column":0},"end":{"line":161,"column":0}},"161":{"start":{"line":162,"column":0},"end":{"line":162,"column":17}},"162":{"start":{"line":163,"column":0},"end":{"line":163,"column":69}},"163":{"start":{"line":164,"column":0},"end":{"line":164,"column":55}},"164":{"start":{"line":165,"column":0},"end":{"line":165,"column":107}},"165":{"start":{"line":166,"column":0},"end":{"line":166,"column":0}},"166":{"start":{"line":167,"column":0},"end":{"line":167,"column":21}},"167":{"start":{"line":168,"column":0},"end":{"line":168,"column":41}},"168":{"start":{"line":169,"column":0},"end":{"line":169,"column":83}},"169":{"start":{"line":170,"column":0},"end":{"line":170,"column":15}},"170":{"start":{"line":171,"column":0},"end":{"line":171,"column":11}},"171":{"start":{"line":172,"column":0},"end":{"line":172,"column":5}},"172":{"start":{"line":173,"column":0},"end":{"line":173,"column":0}},"173":{"start":{"line":174,"column":0},"end":{"line":174,"column":20}},"174":{"start":{"line":175,"column":0},"end":{"line":175,"column":66}},"175":{"start":{"line":176,"column":0},"end":{"line":176,"column":101}},"176":{"start":{"line":177,"column":0},"end":{"line":177,"column":88}},"177":{"start":{"line":178,"column":0},"end":{"line":178,"column":5}},"178":{"start":{"line":179,"column":0},"end":{"line":179,"column":1}}},"s":{"0":1,"1":1,"2":1,"3":1,"4":37,"5":37,"6":37,"7":37,"8":37,"9":37,"10":37,"11":37,"12":37,"13":37,"14":37,"15":37,"16":37,"17":37,"18":37,"19":37,"20":0,"21":0,"22":37,"23":37,"24":37,"25":37,"26":30,"27":30,"28":30,"29":30,"30":30,"31":30,"32":37,"33":37,"34":37,"35":5,"36":5,"37":5,"38":5,"39":5,"40":5,"41":37,"42":37,"43":37,"44":35,"45":33,"46":33,"47":35,"48":35,"49":37,"50":37,"51":37,"52":22,"53":22,"54":21,"55":21,"56":21,"57":0,"58":0,"59":22,"60":22,"61":22,"62":22,"63":9,"64":9,"65":22,"66":7,"67":13,"68":6,"69":6,"70":22,"71":22,"72":37,"73":37,"74":37,"75":3,"76":3,"77":37,"78":37,"79":37,"80":1,"81":1,"82":1,"83":1,"84":1,"85":1,"86":0,"87":0,"88":0,"89":1,"90":1,"91":1,"92":1,"93":37,"94":37,"95":37,"96":2,"97":2,"98":2,"99":2,"100":2,"101":2,"102":2,"103":4,"104":4,"105":3,"106":3,"107":4,"108":4,"109":4,"110":2,"111":2,"112":2,"113":37,"114":37,"115":37,"116":1,"117":1,"118":1,"119":1,"120":1,"121":1,"122":1,"123":1,"124":1,"125":1,"126":1,"127":2,"128":2,"129":1,"130":1,"131":2,"132":2,"133":1,"134":1,"135":1,"136":2,"137":1,"138":1,"139":1,"140":37,"141":37,"142":37,"143":2,"144":2,"145":2,"146":2,"147":2,"148":2,"149":2,"150":2,"151":4,"152":3,"153":3,"154":1,"155":1,"156":4,"157":2,"158":2,"159":2,"160":37,"161":37,"162":37,"163":1,"164":1,"165":1,"166":1,"167":1,"168":2,"169":1,"170":1,"171":1,"172":37,"173":37,"174":37,"175":12,"176":0,"177":0,"178":37},"branchMap":{"0":{"type":"branch","line":4,"loc":{"start":{"line":4,"column":7},"end":{"line":179,"column":1}},"locations":[{"start":{"line":4,"column":7},"end":{"line":179,"column":1}}]},"1":{"type":"branch","line":8,"loc":{"start":{"line":8,"column":4},"end":{"line":8,"column":49}},"locations":[{"start":{"line":8,"column":4},"end":{"line":8,"column":49}}]},"2":{"type":"branch","line":17,"loc":{"start":{"line":17,"column":4},"end":{"line":23,"column":5}},"locations":[{"start":{"line":17,"column":4},"end":{"line":23,"column":5}}]},"3":{"type":"branch","line":20,"loc":{"start":{"line":20,"column":10},"end":{"line":22,"column":9}},"locations":[{"start":{"line":20,"column":10},"end":{"line":22,"column":9}}]},"4":{"type":"branch","line":26,"loc":{"start":{"line":26,"column":12},"end":{"line":32,"column":5}},"locations":[{"start":{"line":26,"column":12},"end":{"line":32,"column":5}}]},"5":{"type":"branch","line":35,"loc":{"start":{"line":35,"column":12},"end":{"line":41,"column":5}},"locations":[{"start":{"line":35,"column":12},"end":{"line":41,"column":5}}]},"6":{"type":"branch","line":44,"loc":{"start":{"line":44,"column":12},"end":{"line":49,"column":5}},"locations":[{"start":{"line":44,"column":12},"end":{"line":49,"column":5}}]},"7":{"type":"branch","line":45,"loc":{"start":{"line":45,"column":19},"end":{"line":48,"column":9}},"locations":[{"start":{"line":45,"column":19},"end":{"line":48,"column":9}}]},"8":{"type":"branch","line":46,"loc":{"start":{"line":46,"column":30},"end":{"line":46,"column":57}},"locations":[{"start":{"line":46,"column":30},"end":{"line":46,"column":57}}]},"9":{"type":"branch","line":47,"loc":{"start":{"line":47,"column":42},"end":{"line":47,"column":64}},"locations":[{"start":{"line":47,"column":42},"end":{"line":47,"column":64}}]},"10":{"type":"branch","line":52,"loc":{"start":{"line":52,"column":4},"end":{"line":72,"column":5}},"locations":[{"start":{"line":52,"column":4},"end":{"line":72,"column":5}}]},"11":{"type":"branch","line":53,"loc":{"start":{"line":53,"column":33},"end":{"line":71,"column":9}},"locations":[{"start":{"line":53,"column":33},"end":{"line":71,"column":9}}]},"12":{"type":"branch","line":63,"loc":{"start":{"line":63,"column":52},"end":{"line":66,"column":13}},"locations":[{"start":{"line":63,"column":52},"end":{"line":66,"column":13}}]},"13":{"type":"branch","line":64,"loc":{"start":{"line":64,"column":33},"end":{"line":64,"column":108}},"locations":[{"start":{"line":64,"column":33},"end":{"line":64,"column":108}}]},"14":{"type":"branch","line":65,"loc":{"start":{"line":65,"column":32},"end":{"line":65,"column":105}},"locations":[{"start":{"line":65,"column":32},"end":{"line":65,"column":105}}]},"15":{"type":"branch","line":66,"loc":{"start":{"line":66,"column":13},"end":{"line":70,"column":13}},"locations":[{"start":{"line":66,"column":13},"end":{"line":70,"column":13}}]},"16":{"type":"branch","line":66,"loc":{"start":{"line":66,"column":59},"end":{"line":66,"column":74}},"locations":[{"start":{"line":66,"column":59},"end":{"line":66,"column":74}}]},"17":{"type":"branch","line":66,"loc":{"start":{"line":66,"column":76},"end":{"line":68,"column":13}},"locations":[{"start":{"line":66,"column":76},"end":{"line":68,"column":13}}]},"18":{"type":"branch","line":68,"loc":{"start":{"line":68,"column":13},"end":{"line":70,"column":13}},"locations":[{"start":{"line":68,"column":13},"end":{"line":70,"column":13}}]},"19":{"type":"branch","line":54,"loc":{"start":{"line":54,"column":35},"end":{"line":60,"column":13}},"locations":[{"start":{"line":54,"column":35},"end":{"line":60,"column":13}}]},"20":{"type":"branch","line":57,"loc":{"start":{"line":57,"column":18},"end":{"line":59,"column":17}},"locations":[{"start":{"line":57,"column":18},"end":{"line":59,"column":17}}]},"21":{"type":"branch","line":64,"loc":{"start":{"line":64,"column":60},"end":{"line":64,"column":106}},"locations":[{"start":{"line":64,"column":60},"end":{"line":64,"column":106}}]},"22":{"type":"branch","line":65,"loc":{"start":{"line":65,"column":58},"end":{"line":65,"column":103}},"locations":[{"start":{"line":65,"column":58},"end":{"line":65,"column":103}}]},"23":{"type":"branch","line":67,"loc":{"start":{"line":67,"column":27},"end":{"line":67,"column":73}},"locations":[{"start":{"line":67,"column":27},"end":{"line":67,"column":73}}]},"24":{"type":"branch","line":69,"loc":{"start":{"line":69,"column":27},"end":{"line":69,"column":72}},"locations":[{"start":{"line":69,"column":27},"end":{"line":69,"column":72}}]},"25":{"type":"branch","line":75,"loc":{"start":{"line":75,"column":4},"end":{"line":77,"column":5}},"locations":[{"start":{"line":75,"column":4},"end":{"line":77,"column":5}}]},"26":{"type":"branch","line":80,"loc":{"start":{"line":80,"column":4},"end":{"line":93,"column":5}},"locations":[{"start":{"line":80,"column":4},"end":{"line":93,"column":5}}]},"27":{"type":"branch","line":82,"loc":{"start":{"line":82,"column":12},"end":{"line":85,"column":13}},"locations":[{"start":{"line":82,"column":12},"end":{"line":85,"column":13}}]},"28":{"type":"branch","line":83,"loc":{"start":{"line":83,"column":46},"end":{"line":83,"column":56}},"locations":[{"start":{"line":83,"column":46},"end":{"line":83,"column":56}}]},"29":{"type":"branch","line":96,"loc":{"start":{"line":96,"column":11},"end":{"line":113,"column":5}},"locations":[{"start":{"line":96,"column":11},"end":{"line":113,"column":5}}]},"30":{"type":"branch","line":97,"loc":{"start":{"line":97,"column":35},"end":{"line":112,"column":9}},"locations":[{"start":{"line":97,"column":35},"end":{"line":112,"column":9}}]},"31":{"type":"branch","line":100,"loc":{"start":{"line":100,"column":39},"end":{"line":100,"column":63}},"locations":[{"start":{"line":100,"column":39},"end":{"line":100,"column":63}}]},"32":{"type":"branch","line":103,"loc":{"start":{"line":103,"column":29},"end":{"line":111,"column":13}},"locations":[{"start":{"line":103,"column":29},"end":{"line":111,"column":13}}]},"33":{"type":"branch","line":105,"loc":{"start":{"line":105,"column":20},"end":{"line":108,"column":21}},"locations":[{"start":{"line":105,"column":20},"end":{"line":108,"column":21}}]},"34":{"type":"branch","line":107,"loc":{"start":{"line":107,"column":65},"end":{"line":107,"column":82}},"locations":[{"start":{"line":107,"column":65},"end":{"line":107,"column":82}}]},"35":{"type":"branch","line":116,"loc":{"start":{"line":116,"column":11},"end":{"line":140,"column":5}},"locations":[{"start":{"line":116,"column":11},"end":{"line":140,"column":5}}]},"36":{"type":"branch","line":121,"loc":{"start":{"line":121,"column":83},"end":{"line":139,"column":9}},"locations":[{"start":{"line":121,"column":83},"end":{"line":139,"column":9}}]},"37":{"type":"branch","line":124,"loc":{"start":{"line":124,"column":39},"end":{"line":124,"column":58}},"locations":[{"start":{"line":124,"column":39},"end":{"line":124,"column":58}}]},"38":{"type":"branch","line":127,"loc":{"start":{"line":127,"column":29},"end":{"line":138,"column":13}},"locations":[{"start":{"line":127,"column":29},"end":{"line":138,"column":13}}]},"39":{"type":"branch","line":129,"loc":{"start":{"line":129,"column":20},"end":{"line":132,"column":21}},"locations":[{"start":{"line":129,"column":20},"end":{"line":132,"column":21}}]},"40":{"type":"branch","line":131,"loc":{"start":{"line":131,"column":64},"end":{"line":131,"column":81}},"locations":[{"start":{"line":131,"column":64},"end":{"line":131,"column":81}}]},"41":{"type":"branch","line":133,"loc":{"start":{"line":133,"column":20},"end":{"line":136,"column":21}},"locations":[{"start":{"line":133,"column":20},"end":{"line":136,"column":21}}]},"42":{"type":"branch","line":143,"loc":{"start":{"line":143,"column":11},"end":{"line":160,"column":5}},"locations":[{"start":{"line":143,"column":11},"end":{"line":160,"column":5}}]},"43":{"type":"branch","line":144,"loc":{"start":{"line":144,"column":33},"end":{"line":159,"column":9}},"locations":[{"start":{"line":144,"column":33},"end":{"line":159,"column":9}}]},"44":{"type":"branch","line":148,"loc":{"start":{"line":148,"column":39},"end":{"line":148,"column":105}},"locations":[{"start":{"line":148,"column":39},"end":{"line":148,"column":105}}]},"45":{"type":"branch","line":151,"loc":{"start":{"line":151,"column":29},"end":{"line":158,"column":13}},"locations":[{"start":{"line":151,"column":29},"end":{"line":158,"column":13}}]},"46":{"type":"branch","line":152,"loc":{"start":{"line":152,"column":58},"end":{"line":157,"column":17}},"locations":[{"start":{"line":152,"column":58},"end":{"line":157,"column":17}}]},"47":{"type":"branch","line":154,"loc":{"start":{"line":154,"column":61},"end":{"line":156,"column":21}},"locations":[{"start":{"line":154,"column":61},"end":{"line":156,"column":21}}]},"48":{"type":"branch","line":163,"loc":{"start":{"line":163,"column":11},"end":{"line":172,"column":5}},"locations":[{"start":{"line":163,"column":11},"end":{"line":172,"column":5}}]},"49":{"type":"branch","line":164,"loc":{"start":{"line":164,"column":33},"end":{"line":171,"column":9}},"locations":[{"start":{"line":164,"column":33},"end":{"line":171,"column":9}}]},"50":{"type":"branch","line":165,"loc":{"start":{"line":165,"column":39},"end":{"line":165,"column":92}},"locations":[{"start":{"line":165,"column":39},"end":{"line":165,"column":92}}]},"51":{"type":"branch","line":168,"loc":{"start":{"line":168,"column":29},"end":{"line":170,"column":13}},"locations":[{"start":{"line":168,"column":29},"end":{"line":170,"column":13}}]},"52":{"type":"branch","line":175,"loc":{"start":{"line":175,"column":11},"end":{"line":178,"column":5}},"locations":[{"start":{"line":175,"column":11},"end":{"line":178,"column":5}}]},"53":{"type":"branch","line":176,"loc":{"start":{"line":176,"column":72},"end":{"line":178,"column":5}},"locations":[{"start":{"line":176,"column":72},"end":{"line":178,"column":5}}]}},"b":{"0":[37],"1":[1],"2":[37],"3":[0],"4":[30],"5":[5],"6":[35],"7":[33],"8":[8],"9":[1],"10":[22],"11":[22],"12":[9],"13":[7],"14":[4],"15":[13],"16":[7],"17":[7],"18":[6],"19":[21],"20":[0],"21":[6],"22":[2],"23":[7],"24":[6],"25":[3],"26":[1],"27":[1],"28":[1],"29":[2],"30":[2],"31":[0],"32":[4],"33":[3],"34":[1],"35":[1],"36":[1],"37":[0],"38":[2],"39":[1],"40":[0],"41":[1],"42":[2],"43":[2],"44":[0],"45":[4],"46":[3],"47":[1],"48":[1],"49":[1],"50":[0],"51":[2],"52":[12],"53":[0]},"fnMap":{"0":{"name":"<instance_members_initializer>","decl":{"start":{"line":4,"column":7},"end":{"line":179,"column":1}},"loc":{"start":{"line":4,"column":7},"end":{"line":179,"column":1}},"line":4},"1":{"name":"<static_initializer>","decl":{"start":{"line":8,"column":4},"end":{"line":8,"column":49}},"loc":{"start":{"line":8,"column":4},"end":{"line":8,"column":49}},"line":8},"2":{"name":"Commitment","decl":{"start":{"line":17,"column":4},"end":{"line":23,"column":5}},"loc":{"start":{"line":17,"column":4},"end":{"line":23,"column":5}},"line":17},"3":{"name":"resolve","decl":{"start":{"line":26,"column":12},"end":{"line":32,"column":5}},"loc":{"start":{"line":26,"column":12},"end":{"line":32,"column":5}},"line":26},"4":{"name":"reject","decl":{"start":{"line":35,"column":12},"end":{"line":41,"column":5}},"loc":{"start":{"line":35,"column":12},"end":{"line":41,"column":5}},"line":35},"5":{"name":"executeCallbacks","decl":{"start":{"line":44,"column":12},"end":{"line":49,"column":5}},"loc":{"start":{"line":44,"column":12},"end":{"line":49,"column":5}},"line":44},"6":{"name":"then","decl":{"start":{"line":52,"column":4},"end":{"line":72,"column":5}},"loc":{"start":{"line":52,"column":4},"end":{"line":72,"column":5}},"line":52},"7":{"name":"handleCallback","decl":{"start":{"line":54,"column":35},"end":{"line":60,"column":13}},"loc":{"start":{"line":54,"column":35},"end":{"line":60,"column":13}},"line":54},"8":{"name":"catch","decl":{"start":{"line":75,"column":4},"end":{"line":77,"column":5}},"loc":{"start":{"line":75,"column":4},"end":{"line":77,"column":5}},"line":75},"9":{"name":"finally","decl":{"start":{"line":80,"column":4},"end":{"line":93,"column":5}},"loc":{"start":{"line":80,"column":4},"end":{"line":93,"column":5}},"line":80},"10":{"name":"all","decl":{"start":{"line":96,"column":11},"end":{"line":113,"column":5}},"loc":{"start":{"line":96,"column":11},"end":{"line":113,"column":5}},"line":96},"11":{"name":"allSettled","decl":{"start":{"line":116,"column":11},"end":{"line":140,"column":5}},"loc":{"start":{"line":116,"column":11},"end":{"line":140,"column":5}},"line":116},"12":{"name":"Commitment.resolve.then.results.<computed>.status","decl":{"start":{"line":129,"column":20},"end":{"line":132,"column":21}},"loc":{"start":{"line":129,"column":20},"end":{"line":132,"column":21}},"line":129},"13":{"name":"any","decl":{"start":{"line":143,"column":11},"end":{"line":160,"column":5}},"loc":{"start":{"line":143,"column":11},"end":{"line":160,"column":5}},"line":143},"14":{"name":"race","decl":{"start":{"line":163,"column":11},"end":{"line":172,"column":5}},"loc":{"start":{"line":163,"column":11},"end":{"line":172,"column":5}},"line":163},"15":{"name":"resolve","decl":{"start":{"line":175,"column":11},"end":{"line":178,"column":5}},"loc":{"start":{"line":175,"column":11},"end":{"line":178,"column":5}},"line":175}},"f":{"0":37,"1":1,"2":37,"3":30,"4":5,"5":35,"6":22,"7":21,"8":3,"9":1,"10":2,"11":1,"12":1,"13":2,"14":1,"15":12}}
}
