TN:
SF:Commitment\AggregateError.ts
FN:4,AggregateError
FNF:1
FNH:1
FNDA:1,AggregateError
DA:1,1
DA:2,1
DA:3,1
DA:4,1
DA:5,1
DA:6,1
DA:7,1
DA:8,1
DA:9,1
LF:9
LH:9
BRDA:4,0,0,1
BRF:1
BRH:1
end_of_record
TN:
SF:Commitment\Commitment.ts
FN:4,<instance_members_initializer>
FN:8,<static_initializer>
FN:17,Commitment
FN:26,resolve
FN:35,reject
FN:44,executeCallbacks
FN:52,then
FN:54,handleCallback
FN:75,catch
FN:80,finally
FN:96,all
FN:116,allSettled
FN:129,Commitment.resolve.then.results.<computed>.status
FN:143,any
FN:163,race
FN:175,resolve
FNF:16
FNH:16
FNDA:37,<instance_members_initializer>
FNDA:1,<static_initializer>
FNDA:37,Commitment
FNDA:30,resolve
FNDA:5,reject
FNDA:35,executeCallbacks
FNDA:22,then
FNDA:21,handleCallback
FNDA:3,catch
FNDA:1,finally
FNDA:2,all
FNDA:1,allSettled
FNDA:1,Commitment.resolve.then.results.<computed>.status
FNDA:2,any
FNDA:1,race
FNDA:12,resolve
DA:1,1
DA:2,1
DA:3,1
DA:4,1
DA:5,37
DA:6,37
DA:7,37
DA:8,37
DA:9,37
DA:10,37
DA:11,37
DA:12,37
DA:13,37
DA:14,37
DA:15,37
DA:16,37
DA:17,37
DA:18,37
DA:19,37
DA:20,37
DA:21,0
DA:22,0
DA:23,37
DA:24,37
DA:25,37
DA:26,37
DA:27,30
DA:28,30
DA:29,30
DA:30,30
DA:31,30
DA:32,30
DA:33,37
DA:34,37
DA:35,37
DA:36,5
DA:37,5
DA:38,5
DA:39,5
DA:40,5
DA:41,5
DA:42,37
DA:43,37
DA:44,37
DA:45,35
DA:46,33
DA:47,33
DA:48,35
DA:49,35
DA:50,37
DA:51,37
DA:52,37
DA:53,22
DA:54,22
DA:55,21
DA:56,21
DA:57,21
DA:58,0
DA:59,0
DA:60,22
DA:61,22
DA:62,22
DA:63,22
DA:64,9
DA:65,9
DA:66,22
DA:67,7
DA:68,13
DA:69,6
DA:70,6
DA:71,22
DA:72,22
DA:73,37
DA:74,37
DA:75,37
DA:76,3
DA:77,3
DA:78,37
DA:79,37
DA:80,37
DA:81,1
DA:82,1
DA:83,1
DA:84,1
DA:85,1
DA:86,1
DA:87,0
DA:88,0
DA:89,0
DA:90,1
DA:91,1
DA:92,1
DA:93,1
DA:94,37
DA:95,37
DA:96,37
DA:97,2
DA:98,2
DA:99,2
DA:100,2
DA:101,2
DA:102,2
DA:103,2
DA:104,4
DA:105,4
DA:106,3
DA:107,3
DA:108,4
DA:109,4
DA:110,4
DA:111,2
DA:112,2
DA:113,2
DA:114,37
DA:115,37
DA:116,37
DA:117,1
DA:118,1
DA:119,1
DA:120,1
DA:121,1
DA:122,1
DA:123,1
DA:124,1
DA:125,1
DA:126,1
DA:127,1
DA:128,2
DA:129,2
DA:130,1
DA:131,1
DA:132,2
DA:133,2
DA:134,1
DA:135,1
DA:136,1
DA:137,2
DA:138,1
DA:139,1
DA:140,1
DA:141,37
DA:142,37
DA:143,37
DA:144,2
DA:145,2
DA:146,2
DA:147,2
DA:148,2
DA:149,2
DA:150,2
DA:151,2
DA:152,4
DA:153,3
DA:154,3
DA:155,1
DA:156,1
DA:157,4
DA:158,2
DA:159,2
DA:160,2
DA:161,37
DA:162,37
DA:163,37
DA:164,1
DA:165,1
DA:166,1
DA:167,1
DA:168,1
DA:169,2
DA:170,1
DA:171,1
DA:172,1
DA:173,37
DA:174,37
DA:175,37
DA:176,12
DA:177,0
DA:178,0
DA:179,37
LF:179
LH:170
BRDA:4,0,0,37
BRDA:8,1,0,1
BRDA:17,2,0,37
BRDA:20,3,0,0
BRDA:26,4,0,30
BRDA:35,5,0,5
BRDA:44,6,0,35
BRDA:45,7,0,33
BRDA:46,8,0,8
BRDA:47,9,0,1
BRDA:52,10,0,22
BRDA:53,11,0,22
BRDA:63,12,0,9
BRDA:64,13,0,7
BRDA:65,14,0,4
BRDA:66,15,0,13
BRDA:66,16,0,7
BRDA:66,17,0,7
BRDA:68,18,0,6
BRDA:54,19,0,21
BRDA:57,20,0,0
BRDA:64,21,0,6
BRDA:65,22,0,2
BRDA:67,23,0,7
BRDA:69,24,0,6
BRDA:75,25,0,3
BRDA:80,26,0,1
BRDA:82,27,0,1
BRDA:83,28,0,1
BRDA:96,29,0,2
BRDA:97,30,0,2
BRDA:100,31,0,0
BRDA:103,32,0,4
BRDA:105,33,0,3
BRDA:107,34,0,1
BRDA:116,35,0,1
BRDA:121,36,0,1
BRDA:124,37,0,0
BRDA:127,38,0,2
BRDA:129,39,0,1
BRDA:131,40,0,0
BRDA:133,41,0,1
BRDA:143,42,0,2
BRDA:144,43,0,2
BRDA:148,44,0,0
BRDA:151,45,0,4
BRDA:152,46,0,3
BRDA:154,47,0,1
BRDA:163,48,0,1
BRDA:164,49,0,1
BRDA:165,50,0,0
BRDA:168,51,0,2
BRDA:175,52,0,12
BRDA:176,53,0,0
BRF:54
BRH:46
end_of_record
